\BOOKMARK [0][-]{chapter.1}{Introduction}{}% 1
\BOOKMARK [1][-]{section.1.1}{Motivation}{chapter.1}% 2
\BOOKMARK [1][-]{section.1.2}{Goals}{chapter.1}% 3
\BOOKMARK [1][-]{section.1.3}{Structure of the thesis}{chapter.1}% 4
\BOOKMARK [0][-]{chapter.2}{Background}{}% 5
\BOOKMARK [1][-]{section.2.1}{Summary of relevant approaches}{chapter.2}% 6
\BOOKMARK [2][-]{subsection.2.1.1}{Word Embeddings}{section.2.1}% 7
\BOOKMARK [0][-]{chapter.3}{Approach}{}% 8
\BOOKMARK [1][-]{section.3.1}{Model description}{chapter.3}% 9
\BOOKMARK [2][-]{subsection.3.1.1}{Ranking convolutional neural network}{section.3.1}% 10
\BOOKMARK [2][-]{subsection.3.1.2}{Objective}{section.3.1}% 11
\BOOKMARK [2][-]{subsection.3.1.3}{Training}{section.3.1}% 12
\BOOKMARK [1][-]{section.3.2}{Distant supervision}{chapter.3}% 13
\BOOKMARK [2][-]{subsection.3.2.1}{Multiple instance learning}{section.3.2}% 14
\BOOKMARK [1][-]{section.3.3}{Interpretability evaluation}{chapter.3}% 15
\BOOKMARK [2][-]{subsection.3.3.1}{Representative trigrams}{section.3.3}% 16
\BOOKMARK [2][-]{subsection.3.3.2}{Semantic values}{section.3.3}% 17
\BOOKMARK [2][-]{subsection.3.3.3}{Scores distribution}{section.3.3}% 18
\BOOKMARK [1][-]{section.3.4}{Implementation details}{chapter.3}% 19
\BOOKMARK [0][-]{chapter.4}{Experiments}{}% 20
\BOOKMARK [1][-]{section.4.1}{Supervised training evaluation, general domain}{chapter.4}% 21
\BOOKMARK [2][-]{subsection.4.1.1}{SemEval 2010, Task 8}{section.4.1}% 22
\BOOKMARK [2][-]{subsection.4.1.2}{KBP37}{section.4.1}% 23
\BOOKMARK [2][-]{subsection.4.1.3}{Results}{section.4.1}% 24
\BOOKMARK [2][-]{subsection.4.1.4}{Interpretation}{section.4.1}% 25
\BOOKMARK [1][-]{section.4.2}{Supervised training evaluation, medical domain}{chapter.4}% 26
\BOOKMARK [2][-]{subsection.4.2.1}{AIMed}{section.4.2}% 27
\BOOKMARK [2][-]{subsection.4.2.2}{DDI}{section.4.2}% 28
\BOOKMARK [2][-]{subsection.4.2.3}{Rosario-Hearst dataset}{section.4.2}% 29
\BOOKMARK [2][-]{subsection.4.2.4}{Results}{section.4.2}% 30
\BOOKMARK [2][-]{subsection.4.2.5}{Interpretation}{section.4.2}% 31
\BOOKMARK [1][-]{section.4.3}{Distant supervision evaluation}{chapter.4}% 32
\BOOKMARK [2][-]{subsection.4.3.1}{General domain: KBP37 based distantly supervised dataset}{section.4.3}% 33
\BOOKMARK [2][-]{subsection.4.3.2}{Results}{section.4.3}% 34
\BOOKMARK [2][-]{subsection.4.3.3}{Interpretation}{section.4.3}% 35
\BOOKMARK [2][-]{subsection.4.3.4}{Medical domain: Rosario-Hearst based distantly supervised dataset}{section.4.3}% 36
\BOOKMARK [2][-]{subsection.4.3.5}{Results}{section.4.3}% 37
\BOOKMARK [0][-]{chapter.5}{Conclusions}{}% 38
\BOOKMARK [1][-]{section.5.1}{Conclusions}{chapter.5}% 39
\BOOKMARK [1][-]{section.5.2}{Future work}{chapter.5}% 40
\BOOKMARK [0][-]{section.5.2}{List of figures}{}% 41
\BOOKMARK [0][-]{chapter*.16}{List of tables}{}% 42
\BOOKMARK [0][-]{chapter*.17}{References}{}% 43
