<<<<<<< Updated upstream
This is pdfTeX, Version 3.14159265-2.6-1.40.16 (TeX Live 2015/Debian) (preloaded format=pdflatex 2018.2.19)  28 MAY 2018 13:40
=======
This is pdfTeX, Version 3.14159265-2.6-1.40.16 (TeX Live 2015/Debian) (preloaded format=pdflatex 2018.2.19)  28 MAY 2018 13:31
>>>>>>> Stashed changes
entering extended mode
 restricted \write18 enabled.
 %&-line parsing enabled.
**thesis.tex
(./thesis.tex
LaTeX2e <2016/02/01>
Babel <3.9q> and hyphenation patterns for 81 language(s) loaded.
(/usr/share/texlive/texmf-dist/tex/latex/base/report.cls
Document Class: report 2014/09/29 v1.4h Standard LaTeX document class
(/usr/share/texlive/texmf-dist/tex/latex/base/size12.clo
File: size12.clo 2014/09/29 v1.4h Standard LaTeX file (size option)
)
\c@part=\count79
\c@chapter=\count80
\c@section=\count81
\c@subsection=\count82
\c@subsubsection=\count83
\c@paragraph=\count84
\c@subparagraph=\count85
\c@figure=\count86
\c@table=\count87
\abovecaptionskip=\skip41
\belowcaptionskip=\skip42
\bibindent=\dimen102
)
(/usr/share/texlive/texmf-dist/tex/latex/hyperref/hyperref.sty
Package: hyperref 2012/11/06 v6.83m Hypertext links for LaTeX

(/usr/share/texlive/texmf-dist/tex/generic/oberdiek/hobsub-hyperref.sty
Package: hobsub-hyperref 2012/05/28 v1.13 Bundle oberdiek, subset hyperref (HO)


(/usr/share/texlive/texmf-dist/tex/generic/oberdiek/hobsub-generic.sty
Package: hobsub-generic 2012/05/28 v1.13 Bundle oberdiek, subset generic (HO)
Package: hobsub 2012/05/28 v1.13 Construct package bundles (HO)
Package: infwarerr 2010/04/08 v1.3 Providing info/warning/error messages (HO)
Package: ltxcmds 2011/11/09 v1.22 LaTeX kernel commands for general use (HO)
Package: ifluatex 2010/03/01 v1.3 Provides the ifluatex switch (HO)
Package ifluatex Info: LuaTeX not detected.
Package: ifvtex 2010/03/01 v1.5 Detect VTeX and its facilities (HO)
Package ifvtex Info: VTeX not detected.
Package: intcalc 2007/09/27 v1.1 Expandable calculations with integers (HO)
Package: ifpdf 2011/01/30 v2.3 Provides the ifpdf switch (HO)
Package ifpdf Info: pdfTeX in PDF mode is detected.
Package: etexcmds 2011/02/16 v1.5 Avoid name clashes with e-TeX commands (HO)
Package etexcmds Info: Could not find \expanded.
(etexcmds)             That can mean that you are not using pdfTeX 1.50 or
(etexcmds)             that some package has redefined \expanded.
(etexcmds)             In the latter case, load this package earlier.
Package: kvsetkeys 2012/04/25 v1.16 Key value parser (HO)
Package: kvdefinekeys 2011/04/07 v1.3 Define keys (HO)
Package: pdftexcmds 2011/11/29 v0.20 Utility functions of pdfTeX for LuaTeX (HO
)
Package pdftexcmds Info: LuaTeX not detected.
Package pdftexcmds Info: \pdf@primitive is available.
Package pdftexcmds Info: \pdf@ifprimitive is available.
Package pdftexcmds Info: \pdfdraftmode found.
Package: pdfescape 2011/11/25 v1.13 Implements pdfTeX's escape features (HO)
Package: bigintcalc 2012/04/08 v1.3 Expandable calculations on big integers (HO
)
Package: bitset 2011/01/30 v1.1 Handle bit-vector datatype (HO)
Package: uniquecounter 2011/01/30 v1.2 Provide unlimited unique counter (HO)
)
Package hobsub Info: Skipping package `hobsub' (already loaded).
Package: letltxmacro 2010/09/02 v1.4 Let assignment for LaTeX macros (HO)
Package: hopatch 2012/05/28 v1.2 Wrapper for package hooks (HO)
Package: xcolor-patch 2011/01/30 xcolor patch
Package: atveryend 2011/06/30 v1.8 Hooks at the very end of document (HO)
Package atveryend Info: \enddocument detected (standard20110627).
Package: atbegshi 2011/10/05 v1.16 At begin shipout hook (HO)
Package: refcount 2011/10/16 v3.4 Data extraction from label references (HO)
Package: hycolor 2011/01/30 v1.7 Color options for hyperref/bookmark (HO)
)
(/usr/share/texlive/texmf-dist/tex/latex/graphics/keyval.sty
Package: keyval 2014/10/28 v1.15 key=value parser (DPC)
\KV@toks@=\toks14
)
(/usr/share/texlive/texmf-dist/tex/generic/ifxetex/ifxetex.sty
Package: ifxetex 2010/09/12 v0.6 Provides ifxetex conditional
)
(/usr/share/texlive/texmf-dist/tex/latex/oberdiek/auxhook.sty
Package: auxhook 2011/03/04 v1.3 Hooks for auxiliary files (HO)
)
(/usr/share/texlive/texmf-dist/tex/latex/oberdiek/kvoptions.sty
Package: kvoptions 2011/06/30 v3.11 Key value format for package options (HO)
)
\@linkdim=\dimen103
\Hy@linkcounter=\count88
\Hy@pagecounter=\count89

(/usr/share/texlive/texmf-dist/tex/latex/hyperref/pd1enc.def
File: pd1enc.def 2012/11/06 v6.83m Hyperref: PDFDocEncoding definition (HO)
)
\Hy@SavedSpaceFactor=\count90

(/usr/share/texlive/texmf-dist/tex/latex/latexconfig/hyperref.cfg
File: hyperref.cfg 2002/06/06 v1.2 hyperref configuration of TeXLive
)
Package hyperref Info: Hyper figures OFF on input line 4443.
Package hyperref Info: Link nesting OFF on input line 4448.
Package hyperref Info: Hyper index ON on input line 4451.
Package hyperref Info: Plain pages OFF on input line 4458.
Package hyperref Info: Backreferencing OFF on input line 4463.
Package hyperref Info: Implicit mode ON; LaTeX internals redefined.
Package hyperref Info: Bookmarks ON on input line 4688.
\c@Hy@tempcnt=\count91

(/usr/share/texlive/texmf-dist/tex/latex/url/url.sty
\Urlmuskip=\muskip10
Package: url 2013/09/16  ver 3.4  Verb mode for urls, etc.
)
LaTeX Info: Redefining \url on input line 5041.
\XeTeXLinkMargin=\dimen104
\Fld@menulength=\count92
\Field@Width=\dimen105
\Fld@charsize=\dimen106
Package hyperref Info: Hyper figures OFF on input line 6295.
Package hyperref Info: Link nesting OFF on input line 6300.
Package hyperref Info: Hyper index ON on input line 6303.
Package hyperref Info: backreferencing OFF on input line 6310.
Package hyperref Info: Link coloring OFF on input line 6315.
Package hyperref Info: Link coloring with OCG OFF on input line 6320.
Package hyperref Info: PDF/A mode OFF on input line 6325.
LaTeX Info: Redefining \ref on input line 6365.
LaTeX Info: Redefining \pageref on input line 6369.
\Hy@abspage=\count93
\c@Item=\count94
\c@Hfootnote=\count95
)

Package hyperref Message: Driver (autodetected): hpdftex.

(/usr/share/texlive/texmf-dist/tex/latex/hyperref/hpdftex.def
File: hpdftex.def 2012/11/06 v6.83m Hyperref driver for pdfTeX
\Fld@listcount=\count96
\c@bookmark@seq@number=\count97

(/usr/share/texlive/texmf-dist/tex/latex/oberdiek/rerunfilecheck.sty
Package: rerunfilecheck 2011/04/15 v1.7 Rerun checks for auxiliary files (HO)
Package uniquecounter Info: New unique counter `rerunfilecheck' on input line 2
82.
)
\Hy@SectionHShift=\skip43
)
(/usr/share/texlive/texmf-dist/tex/latex/graphics/graphicx.sty
Package: graphicx 2014/10/28 v1.0g Enhanced LaTeX Graphics (DPC,SPQR)

(/usr/share/texlive/texmf-dist/tex/latex/graphics/graphics.sty
Package: graphics 2016/01/03 v1.0q Standard LaTeX Graphics (DPC,SPQR)

(/usr/share/texlive/texmf-dist/tex/latex/graphics/trig.sty
Package: trig 2016/01/03 v1.10 sin cos tan (DPC)
)
(/usr/share/texlive/texmf-dist/tex/latex/latexconfig/graphics.cfg
File: graphics.cfg 2010/04/23 v1.9 graphics configuration of TeX Live
)
Package graphics Info: Driver file: pdftex.def on input line 95.

(/usr/share/texlive/texmf-dist/tex/latex/pdftex-def/pdftex.def
File: pdftex.def 2011/05/27 v0.06d Graphics/color for pdfTeX
\Gread@gobject=\count98
))
\Gin@req@height=\dimen107
\Gin@req@width=\dimen108
)
(/usr/share/texlive/texmf-dist/tex/latex/amsfonts/amssymb.sty
Package: amssymb 2013/01/14 v3.01 AMS font symbols

(/usr/share/texlive/texmf-dist/tex/latex/amsfonts/amsfonts.sty
Package: amsfonts 2013/01/14 v3.01 Basic AMSFonts support
\@emptytoks=\toks15
\symAMSa=\mathgroup4
\symAMSb=\mathgroup5
LaTeX Font Info:    Overwriting math alphabet `\mathfrak' in version `bold'
(Font)                  U/euf/m/n --> U/euf/b/n on input line 106.
))
(/usr/share/texlive/texmf-dist/tex/latex/csquotes/csquotes.sty
Package: csquotes 2016/01/31 v5.1g context-sensitive quotations (JAW)

(/usr/share/texlive/texmf-dist/tex/latex/etoolbox/etoolbox.sty
Package: etoolbox 2015/08/02 v2.2a e-TeX tools for LaTeX (JAW)
\etb@tempcnta=\count99
)
\csq@reset=\count100
\csq@gtype=\count101
\csq@glevel=\count102
\csq@qlevel=\count103
\csq@maxlvl=\count104
\csq@tshold=\count105
\csq@ltx@everypar=\toks16

(/usr/share/texlive/texmf-dist/tex/latex/csquotes/csquotes.def
File: csquotes.def 2016/01/31 v5.1g csquotes generic definitions (JAW)
)
Package csquotes Info: Trying to load configuration file 'csquotes.cfg'...
Package csquotes Info: ... configuration file loaded successfully.

(/usr/share/texlive/texmf-dist/tex/latex/csquotes/csquotes.cfg
File: csquotes.cfg 
))
(/usr/share/texlive/texmf-dist/tex/latex/subfigure/subfigure.sty
Package: subfigure 2002/03/15 v2.1.5 subfigure package
\subfigtopskip=\skip44
\subfigcapskip=\skip45
\subfigcaptopadj=\dimen109
\subfigbottomskip=\skip46
\subfigcapmargin=\dimen110
\subfiglabelskip=\skip47
\c@subfigure=\count106
\c@lofdepth=\count107
\c@subtable=\count108
\c@lotdepth=\count109

****************************************
* Local config file subfigure.cfg used *
****************************************
(/usr/share/texlive/texmf-dist/tex/latex/subfigure/subfigure.cfg)
\subfig@top=\skip48
\subfig@bottom=\skip49
)
(/usr/share/texlive/texmf-dist/tex/latex/rotating/rotating.sty
Package: rotating 2009/03/28 v2.16a rotated objects in LaTeX

(/usr/share/texlive/texmf-dist/tex/latex/base/ifthen.sty
Package: ifthen 2014/09/29 v1.1c Standard LaTeX ifthen package (DPC)
)
\c@r@tfl@t=\count110
\rotFPtop=\skip50
\rotFPbot=\skip51
\rot@float@box=\box26
\rot@mess@toks=\toks17
)
(/usr/share/texlive/texmf-dist/tex/latex/glossaries/base/glossaries.sty
Package: glossaries 2016/01/24 v4.21 (NLCT)

(/usr/share/texlive/texmf-dist/tex/latex/xkeyval/xkeyval.sty
Package: xkeyval 2014/12/03 v2.7a package option processing (HA)

(/usr/share/texlive/texmf-dist/tex/generic/xkeyval/xkeyval.tex
(/usr/share/texlive/texmf-dist/tex/generic/xkeyval/xkvutils.tex
\XKV@toks=\toks18
\XKV@tempa@toks=\toks19
)
\XKV@depth=\count111
File: xkeyval.tex 2014/12/03 v2.7a key=value parser (HA)
))
(/usr/share/texlive/texmf-dist/tex/latex/mfirstuc/mfirstuc.sty
Package: mfirstuc 2015/12/17 v2.02 (NLCT)
\@glsmfirst=\toks20
\@glsmrest=\toks21
)
(/usr/share/texlive/texmf-dist/tex/latex/textcase/textcase.sty
Package: textcase 2004/10/07 v0.07 Text only upper/lower case changing (DPC)
)
(/usr/share/texlive/texmf-dist/tex/latex/xfor/xfor.sty
Package: xfor 2009/02/05 v1.05 (NLCT)
)
(/usr/share/texlive/texmf-dist/tex/latex/datatool/datatool-base.sty
Package: datatool-base 2016/01/18 v2.25 (NLCT)

(/usr/share/texlive/texmf-dist/tex/latex/amsmath/amsmath.sty
Package: amsmath 2016/03/03 v2.15a AMS math features
\@mathmargin=\skip52

For additional information on amsmath, use the `?' option.
(/usr/share/texlive/texmf-dist/tex/latex/amsmath/amstext.sty
Package: amstext 2000/06/29 v2.01 AMS text

(/usr/share/texlive/texmf-dist/tex/latex/amsmath/amsgen.sty
File: amsgen.sty 1999/11/30 v2.0 generic functions
\@emptytoks=\toks22
\ex@=\dimen111
))
(/usr/share/texlive/texmf-dist/tex/latex/amsmath/amsbsy.sty
Package: amsbsy 1999/11/29 v1.2d Bold Symbols
\pmbraise@=\dimen112
)
(/usr/share/texlive/texmf-dist/tex/latex/amsmath/amsopn.sty
Package: amsopn 1999/12/14 v2.01 operator names
)
\inf@bad=\count112
LaTeX Info: Redefining \frac on input line 199.
\uproot@=\count113
\leftroot@=\count114
LaTeX Info: Redefining \overline on input line 297.
\classnum@=\count115
\DOTSCASE@=\count116
LaTeX Info: Redefining \ldots on input line 394.
LaTeX Info: Redefining \dots on input line 397.
LaTeX Info: Redefining \cdots on input line 518.
\Mathstrutbox@=\box27
\strutbox@=\box28
\big@size=\dimen113
LaTeX Font Info:    Redeclaring font encoding OML on input line 630.
LaTeX Font Info:    Redeclaring font encoding OMS on input line 631.
\macc@depth=\count117
\c@MaxMatrixCols=\count118
\dotsspace@=\muskip11
\c@parentequation=\count119
\dspbrk@lvl=\count120
\tag@help=\toks23
\row@=\count121
\column@=\count122
\maxfields@=\count123
\andhelp@=\toks24
\eqnshift@=\dimen114
\alignsep@=\dimen115
\tagshift@=\dimen116
\tagwidth@=\dimen117
\totwidth@=\dimen118
\lineht@=\dimen119
\@envbody=\toks25
\multlinegap=\skip53
\multlinetaggap=\skip54
\mathdisplay@stack=\toks26
LaTeX Info: Redefining \[ on input line 2735.
LaTeX Info: Redefining \] on input line 2736.
)
(/usr/share/texlive/texmf-dist/tex/latex/substr/substr.sty
Package: substr 2009/10/20 v1.2 Handle substrings
\c@su@anzahl=\count124
)
(/usr/share/texlive/texmf-dist/tex/latex/datatool/datatool-fp.sty
Package: datatool-fp 2016/01/18 v2.25 (NLCT)

(/usr/share/texlive/texmf-dist/tex/latex/fp/fp.sty
Package: fp 1995/04/02

`Fixed Point Package', Version 0.8, April 2, 1995 (C) Michael Mehlich
(/usr/share/texlive/texmf-dist/tex/latex/fp/defpattern.sty
Package: defpattern 1994/10/12
\actioncount=\count125
)
(/usr/share/texlive/texmf-dist/tex/latex/fp/fp-basic.sty
Package: fp-basic 1996/05/13
\FP@xs=\count126
\FP@xia=\count127
\FP@xib=\count128
\FP@xfa=\count129
\FP@xfb=\count130
\FP@rega=\count131
\FP@regb=\count132
\FP@regs=\count133
\FP@times=\count134
)
(/usr/share/texlive/texmf-dist/tex/latex/fp/fp-addons.sty
Package: fp-addons 1995/03/15
)
(/usr/share/texlive/texmf-dist/tex/latex/fp/fp-snap.sty
Package: fp-snap 1995/04/05
)
(/usr/share/texlive/texmf-dist/tex/latex/fp/fp-exp.sty
Package: fp-exp 1995/04/03
)
(/usr/share/texlive/texmf-dist/tex/latex/fp/fp-trigo.sty
Package: fp-trigo 1995/04/14
)
(/usr/share/texlive/texmf-dist/tex/latex/fp/fp-pas.sty
Package: fp-pas 1994/08/29
)
(/usr/share/texlive/texmf-dist/tex/latex/fp/fp-random.sty
Package: fp-random 1995/02/23
\FPseed=\count135
)
(/usr/share/texlive/texmf-dist/tex/latex/fp/fp-eqn.sty
Package: fp-eqn 1995/04/03
)
(/usr/share/texlive/texmf-dist/tex/latex/fp/fp-upn.sty
Package: fp-upn 1996/10/21
)
(/usr/share/texlive/texmf-dist/tex/latex/fp/fp-eval.sty
Package: fp-eval 1995/04/03
)))
\@dtl@toks=\toks27
\@dtl@tmpcount=\count136
\dtl@tmplength=\skip55
\dtl@sortresult=\count137
\@dtl@numgrpsepcount=\count138
\@dtl@datatype=\count139
\dtl@codeA=\count140
\dtl@codeB=\count141
\@dtl@foreach@level=\count142
)
(/usr/share/texlive/texmf-dist/tex/latex/glossaries/base/glossaries-compatible-
307.sty
Package: glossaries-compatible-307 2016/01/24 v4.21 (NLCT)
)
\gls@level=\count143
\@gls@tmpb=\toks28
\gls@tmplen=\skip56
\glskeylisttok=\toks29
\glslabeltok=\toks30
\glsshorttok=\toks31
\glslongtok=\toks32

(/usr/share/texlive/texmf-dist/tex/latex/glossaries/styles/glossary-hypernav.st
y
Package: glossary-hypernav 2016/01/24 v4.21 (NLCT)
) (/usr/share/texlive/texmf-dist/tex/latex/glossaries/styles/glossary-list.sty
Package: glossary-list 2016/01/24 v4.21 (NLCT)
\glslistdottedwidth=\skip57
) (/usr/share/texlive/texmf-dist/tex/latex/glossaries/styles/glossary-long.sty
Package: glossary-long 2016/01/24 v4.21 (NLCT)

(/usr/share/texlive/texmf-dist/tex/latex/tools/longtable.sty
Package: longtable 2014/10/28 v4.11 Multi-page Table package (DPC)
\LTleft=\skip58
\LTright=\skip59
\LTpre=\skip60
\LTpost=\skip61
\LTchunksize=\count144
\LTcapwidth=\dimen120
\LT@head=\box29
\LT@firsthead=\box30
\LT@foot=\box31
\LT@lastfoot=\box32
\LT@cols=\count145
\LT@rows=\count146
\c@LT@tables=\count147
\c@LT@chunks=\count148
\LT@p@ftn=\toks33
)
\glsdescwidth=\skip62
\glspagelistwidth=\skip63
)
(/usr/share/texlive/texmf-dist/tex/latex/glossaries/styles/glossary-super.sty
Package: glossary-super 2016/01/24 v4.21 (NLCT)

(/usr/share/texlive/texmf-dist/tex/latex/supertabular/supertabular.sty
Package: supertabular 2004/02/20 v4.1e the supertabular environment
\c@tracingst=\count149
\ST@wd=\dimen121
\ST@rightskip=\skip64
\ST@leftskip=\skip65
\ST@parfillskip=\skip66
\ST@pageleft=\dimen122
\ST@headht=\dimen123
\ST@tailht=\dimen124
\ST@pagesofar=\dimen125
\ST@pboxht=\dimen126
\ST@lineht=\dimen127
\ST@stretchht=\dimen128
\ST@prevht=\dimen129
\ST@toadd=\dimen130
\ST@dimen=\dimen131
\ST@pbox=\box33
))
(/usr/share/texlive/texmf-dist/tex/latex/glossaries/styles/glossary-tree.sty
Package: glossary-tree 2016/01/24 v4.21 (NLCT)
\glstreeindent=\skip67
))
(/usr/share/texlive/texmf-dist/tex/latex/algorithms/algorithm.sty
Package: algorithm 2009/08/24 v0.1 Document Style `algorithm' - floating enviro
nment

(/usr/share/texlive/texmf-dist/tex/latex/float/float.sty
Package: float 2001/11/08 v1.3d Float enhancements (AL)
\c@float@type=\count150
\float@exts=\toks34
\float@box=\box34
\@float@everytoks=\toks35
\@floatcapt=\box35
)
\@float@every@algorithm=\toks36
\c@algorithm=\count151
)
(/usr/share/texlive/texmf-dist/tex/latex/mdwtools/footnote.sty
Package: footnote 1997/01/28 1.13 Save footnotes around boxes
\fn@notes=\box36
\fn@width=\dimen132
)
(/usr/share/texlive/texmf-dist/tex/latex/breakcites/breakcites.sty)
(/usr/share/texlive/texmf-dist/tex/latex/multirow/multirow.sty
\bigstrutjot=\dimen133
)
(/usr/share/texlive/texmf-dist/tex/latex/natbib/natbib.sty
Package: natbib 2010/09/13 8.31b (PWD, AO)
\bibhang=\skip68
\bibsep=\skip69
LaTeX Info: Redefining \cite on input line 694.
\c@NAT@ctr=\count152
)
Package csquotes Info: Checking for multilingual support...
Package csquotes Info: ... none found.
 (./thesis.aux)
\openout1 = `thesis.aux'.

LaTeX Font Info:    Checking defaults for OML/cmm/m/it on input line 19.
LaTeX Font Info:    ... okay on input line 19.
LaTeX Font Info:    Checking defaults for T1/cmr/m/n on input line 19.
LaTeX Font Info:    ... okay on input line 19.
LaTeX Font Info:    Checking defaults for OT1/cmr/m/n on input line 19.
LaTeX Font Info:    ... okay on input line 19.
LaTeX Font Info:    Checking defaults for OMS/cmsy/m/n on input line 19.
LaTeX Font Info:    ... okay on input line 19.
LaTeX Font Info:    Checking defaults for OMX/cmex/m/n on input line 19.
LaTeX Font Info:    ... okay on input line 19.
LaTeX Font Info:    Checking defaults for U/cmr/m/n on input line 19.
LaTeX Font Info:    ... okay on input line 19.
LaTeX Font Info:    Checking defaults for PD1/pdf/m/n on input line 19.
LaTeX Font Info:    ... okay on input line 19.
\AtBeginShipoutBox=\box37
Package hyperref Info: Link coloring OFF on input line 19.

(/usr/share/texlive/texmf-dist/tex/latex/hyperref/nameref.sty
Package: nameref 2012/10/27 v2.43 Cross-referencing by name of section

(/usr/share/texlive/texmf-dist/tex/generic/oberdiek/gettitlestring.sty
Package: gettitlestring 2010/12/03 v1.4 Cleanup title references (HO)
)
\c@section@level=\count153
)
LaTeX Info: Redefining \ref on input line 19.
LaTeX Info: Redefining \pageref on input line 19.
LaTeX Info: Redefining \nameref on input line 19.

(./thesis.out) (./thesis.out)
\@outlinefile=\write3
\openout3 = `thesis.out'.


(/usr/share/texlive/texmf-dist/tex/context/base/supp-pdf.mkii
[Loading MPS to PDF converter (version 2006.09.02).]
\scratchcounter=\count154
\scratchdimen=\dimen134
\scratchbox=\box38
\nofMPsegments=\count155
\nofMParguments=\count156
\everyMPshowfont=\toks37
\MPscratchCnt=\count157
\MPscratchDim=\dimen135
\MPnumerator=\count158
\makeMPintoPDFobject=\count159
\everyMPtoPDFconversion=\toks38
) (/usr/share/texlive/texmf-dist/tex/latex/oberdiek/epstopdf-base.sty
Package: epstopdf-base 2010/02/09 v2.5 Base part for package epstopdf

(/usr/share/texlive/texmf-dist/tex/latex/oberdiek/grfext.sty
Package: grfext 2010/08/19 v1.1 Manage graphics extensions (HO)
)
Package grfext Info: Graphics extension search list:
(grfext)             [.png,.pdf,.jpg,.mps,.jpeg,.jbig2,.jb2,.PNG,.PDF,.JPG,.JPE
G,.JBIG2,.JB2,.eps]
(grfext)             \AppendGraphicsExtensions on input line 452.

(/usr/share/texlive/texmf-dist/tex/latex/latexconfig/epstopdf-sys.cfg
File: epstopdf-sys.cfg 2010/07/13 v1.3 Configuration of (r)epstopdf for TeX Liv
e
))
(./title_page.tex

LaTeX Font Warning: Font shape `OT1/cmr/bx/sc' undefined
(Font)              using `OT1/cmr/bx/n' instead on input line 34.

LaTeX Font Info:    Try loading font information for U+msa on input line 36.
(/usr/share/texlive/texmf-dist/tex/latex/amsfonts/umsa.fd
File: umsa.fd 2013/01/14 v3.01 AMS symbols A
)
LaTeX Font Info:    Try loading font information for U+msb on input line 36.

(/usr/share/texlive/texmf-dist/tex/latex/amsfonts/umsb.fd
File: umsb.fd 2013/01/14 v3.01 AMS symbols B
) [1

{/var/lib/texmf/fonts/map/pdftex/updmap/pdftex.map}])pdfTeX warning (ext4): des
tination with the same identifier (name{page.1}) has been already used, duplica
te ignored
<to be read again> 
                   \relax 
l.31 \clearpage
                [1

] [2


] (./abstract.tex)pdfTeX warning (ext4): destination with the same identifier (
name{page.1}) has been already used, duplicate ignored
<to be read again> 
                   \relax 
l.42 \clearpage
                [1

] (./thesis.tocpdfTeX warning (ext4): destination with the same identifier (nam
e{page.2}) has been already used, duplicate ignored
<to be read again> 
                   \relax 
l.35 ...line {4.2.4}Results}{42}{subsection.4.2.4}
                                                   [2


])
\tf@toc=\write4
\openout4 = `thesis.toc'.

 [3]
(./chapter1_introduction/introduction.tex
Chapter 1.
[4


]
<chapter1_introduction/images/knowledge-graph.png, id=256, 517.935pt x 249.9337
5pt>
File: chapter1_introduction/images/knowledge-graph.png Graphic file (type png)
 <use chapter1_introduction/images/knowledge-graph.png>
Package pdftex.def Info: chapter1_introduction/images/knowledge-graph.png used 
on input line 52.
(pdftex.def)             Requested size: 312.00119pt x 150.56396pt.
 [5] [6pdfTeX warning (ext4): destination with the same identifier (name{figure
.1.1}) has been already used, duplicate ignored

\AtBegShi@Output ...ipout \box \AtBeginShipoutBox 
                                                  \fi \fi 
l.93 
      <./chapter1_introduction/images/knowledge-graph.png>]
LaTeX Font Info:    Try loading font information for OMS+cmr on input line 109.


(/usr/share/texlive/texmf-dist/tex/latex/base/omscmr.fd
File: omscmr.fd 2014/09/29 v2.5h Standard LaTeX font definitions
)
LaTeX Font Info:    Font shape `OMS/cmr/m/n' in size <12> not available
(Font)              Font shape `OMS/cmsy/m/n' tried instead on input line 109.
)
(./chapter2_background/background.tex [7]
Chapter 2.
[8

]

Package amsmath Warning: Foreign command \over;
(amsmath)                \frac or \genfrac should be used instead
(amsmath)                 on input line 12.

[9] <w2v.png, id=338, 606.265pt x 373.395pt>
File: w2v.png Graphic file (type png)
 <use w2v.png>
Package pdftex.def Info: w2v.png used on input line 35.
(pdftex.def)             Requested size: 227.62634pt x 142.26192pt.
Missing character: There is no ‚ in font cmr12!
Missing character: There is no Ä in font cmr12!
Missing character: There is no ú in font cmr12!
Missing character: There is no ‚ in font cmr12!
Missing character: There is no Ä in font cmr12!
Missing character: There is no ù in font cmr12!
Missing character: There is no ‚ in font cmr12!
Missing character: There is no Ä in font cmr12!
Missing character: There is no ú in font cmr12!
Missing character: There is no ‚ in font cmr12!
Missing character: There is no Ä in font cmr12!
Missing character: There is no ù in font cmr12!
Missing character: There is no ‚ in font cmr12!
Missing character: There is no Ä in font cmr12!
Missing character: There is no ú in font cmr12!
Missing character: There is no ‚ in font cmr12!
Missing character: There is no Ä in font cmr12!
Missing character: There is no ù in font cmr12!
Missing character: There is no ‚ in font cmr12!
Missing character: There is no Ä in font cmr12!
Missing character: There is no ú in font cmr12!
Missing character: There is no ‚ in font cmr12!
Missing character: There is no Ä in font cmr12!
Missing character: There is no ù in font cmr12!
Missing character: There is no ‚ in font cmr12!
Missing character: There is no Ä in font cmr12!
Missing character: There is no ú in font cmr12!
Missing character: There is no ‚ in font cmr12!
Missing character: There is no Ä in font cmr12!
Missing character: There is no ù in font cmr12!
Missing character: There is no ‚ in font cmr12!
Missing character: There is no Ä in font cmr12!
Missing character: There is no ú in font cmr12!
Missing character: There is no ‚ in font cmr12!
Missing character: There is no Ä in font cmr12!
Missing character: There is no ù in font cmr12!
Missing character: There is no ‚ in font cmr12!
Missing character: There is no Ä in font cmr12!
Missing character: There is no ú in font cmr12!
Missing character: There is no ‚ in font cmr12!
Missing character: There is no Ä in font cmr12!
Missing character: There is no ù in font cmr12!
Missing character: There is no ‚ in font cmr12!
Missing character: There is no Ä in font cmr12!
Missing character: There is no ú in font cmr12!
Missing character: There is no ‚ in font cmr12!
Missing character: There is no Ä in font cmr12!
Missing character: There is no ù in font cmr12!

Underfull \hbox (badness 10000) in paragraph at lines 53--58

 []

Missing character: There is no ‚ in font cmr12!
Missing character: There is no à in font cmr12!
Missing character: There is no ß in font cmr12!
Missing character: There is no ‚ in font cmr12!
Missing character: There is no à in font cmr12!
Missing character: There is no ß in font cmr12!
[10pdfTeX warning (ext4): destination with the same identifier (name{figure.2.1
}) has been already used, duplicate ignored

\AtBegShi@Output ...ipout \box \AtBeginShipoutBox 
                                                  \fi \fi 
l.61  	\item $
              D(d)(\rightharpoondown d) = {(w, c): w \in V \oplus c \in V }$...
 <./w2v.png>] [11pdfTeX warning (ext4): destination with the same identifier (n
ame{table.2.1}) has been already used, duplicate ignored

\AtBegShi@Output ...ipout \box \AtBeginShipoutBox 
                                                  \fi \fi 
l.113 \paragraph
                {Doc2Vec} An extension to the Word2Vec model known as Doc2Ve...
] <para.jpg, id=379, 587.19376pt x 312.16624pt>
File: para.jpg Graphic file (type jpg)
 <use para.jpg>
Package pdftex.def Info: para.jpg used on input line 127.
(pdftex.def)             Requested size: 227.61586pt x 142.2645pt.
)
(./chapter3_approach/approach.tex [12pdfTeX warning (ext4): destination with th
e same identifier (name{figure.2.2}) has been already used, duplicate ignored

\AtBegShi@Output ...ipout \box \AtBeginShipoutBox 
                                                  \fi \fi 
l.1 \chapter
            {Approach} <./para.jpg>]
Chapter 3.
[13

]
Underfull \hbox (badness 10000) in paragraph at lines 48--48
[][]\OT1/cmr/m/n/10 Implementation from []$\OT1/cmtt/m/n/10 https : / / github 
. com / RaRe-[]Technologies / gensim$[]\OT1/cmr/m/n/10 ,
 []


Underfull \hbox (badness 10000) in paragraph at lines 48--48
\OT1/cmr/m/n/10 pre trained em-bed-dings from []$\OT1/cmtt/m/n/10 https : / / d
rive . google . com / file / d /
 []


Underfull \hbox (badness 10000) in paragraph at lines 48--48
[][]\OT1/cmr/m/n/10 Implementation from []$\OT1/cmtt/m/n/10 https : / / github 
. com / tensorflow / models / tree / master /
 []


Underfull \hbox (badness 10000) in paragraph at lines 49--49
[]\OT1/cmr/m/n/12 downloaded,
 []


Underfull \hbox (badness 10000) in paragraph at lines 49--49
\OT1/cmr/m/n/12 Wikipedia dump
 []


Underfull \hbox (badness 10000) in paragraph at lines 49--49
\OT1/cmr/m/n/12 from 2014 and
 []


Underfull \hbox (badness 10000) in paragraph at lines 49--49
[]\OT1/cmr/m/n/12 downloaded,
 []


Underfull \hbox (badness 10000) in paragraph at lines 49--49
\OT1/cmr/m/n/12 Google News
 []


Underfull \hbox (badness 10000) in paragraph at lines 49--49
[]\OT1/cmr/m/n/12 trained lo-cally,
 []


Underfull \hbox (badness 10000) in paragraph at lines 49--49
\OT1/cmr/m/n/12 Wikipedia dump
 []


Underfull \hbox (badness 10000) in paragraph at lines 50--50
[]\OT1/cmr/m/n/12 trained lo-cally,
 []


Underfull \hbox (badness 10000) in paragraph at lines 50--50
\OT1/cmr/m/n/12 Wikipedia dump
 []


Underfull \hbox (badness 10000) in paragraph at lines 50--50
[]\OT1/cmr/m/n/12 trained lo-cally,
 []


Underfull \hbox (badness 10000) in paragraph at lines 50--50
\OT1/cmr/m/n/12 Wikipedia dump
 []


Underfull \hbox (badness 10000) in paragraph at lines 50--50
[]\OT1/cmr/m/n/12 trained lo-cally,
 []


Underfull \hbox (badness 10000) in paragraph at lines 50--50
\OT1/cmr/m/n/12 Wikipedia dump
 []

[14pdfTeX warning (ext4): destination with the same identifier (name{table.3.1}
) has been already used, duplicate ignored

\AtBegShi@Output ...ipout \box \AtBeginShipoutBox 
                                                  \fi \fi 
l.59 
     ] [15]
<chapter3_approach/images/ranking_cnn.png, id=465, 242.9075pt x 493.845pt>
File: chapter3_approach/images/ranking_cnn.png Graphic file (type png)

<use chapter3_approach/images/ranking_cnn.png>
Package pdftex.def Info: chapter3_approach/images/ranking_cnn.png used on input
 line 111.
(pdftex.def)             Requested size: 180.67566pt x 367.32343pt.
 [16] [17pdfTeX warning (ext4): destination with the same identifier (name{figu
re.3.1}) has been already used, duplicate ignored

\AtBegShi@Output ...ipout \box \AtBeginShipoutBox 
                                                  \fi \fi 
l.136 
       <./chapter3_approach/images/ranking_cnn.png>] [18] [19]
<chapter3_approach/images/mult-inst-learn.png, id=520, 201.75375pt x 312.16624p
t>
File: chapter3_approach/images/mult-inst-learn.png Graphic file (type png)
 <use chapter3_approach/images/mult-inst-learn.png>
Package pdftex.def Info: chapter3_approach/images/mult-inst-learn.png used on i
nput line 238.
(pdftex.def)             Requested size: 150.56305pt x 232.96187pt.
 [20] [21pdfTeX warning (ext4): destination with the same identifier (name{figu
re.3.2}) has been already used, duplicate ignored

\AtBegShi@Output ...ipout \box \AtBeginShipoutBox 
                                                  \fi \fi 
l.266 
       <./chapter3_approach/images/mult-inst-learn.png>]
<chapter3_approach/images/repr-trigram.png, id=542, 320.19624pt x 420.57124pt>
File: chapter3_approach/images/repr-trigram.png Graphic file (type png)

<use chapter3_approach/images/repr-trigram.png>
Package pdftex.def Info: chapter3_approach/images/repr-trigram.png used on inpu
t line 269.
(pdftex.def)             Requested size: 200.75073pt x 263.68422pt.
 [22pdfTeX warning (ext4): destination with the same identifier (name{figure.3.
3}) has been already used, duplicate ignored

\AtBegShi@Output ...ipout \box \AtBeginShipoutBox 
                                                  \fi \fi 
l.295 
       <./chapter3_approach/images/repr-trigram.png>]
<chapter3_approach/images/tensorboard_vis.png, id=558, 2475.2475pt x 1613.02625
pt>
File: chapter3_approach/images/tensorboard_vis.png Graphic file (type png)
 <use chapter3_approach/images/tensorboard_vis.png>
Package pdftex.def Info: chapter3_approach/images/tensorboard_vis.png used on i
nput line 314.
(pdftex.def)             Requested size: 592.0pt x 385.7805pt.

Underfull \hbox (badness 10000) in paragraph at lines 328--328
[][][][]$\OT1/cmtt/m/n/10 https : / / nlp . stanford . edu / nlp / javadoc / ja
vanlp / edu / stanford / nlp / process /
 []

[23] [24pdfTeX warning (ext4): destination with the same identifier (name{figur
e.3.4}) has been already used, duplicate ignored

\AtBegShi@Output ...ipout \box \AtBeginShipoutBox 
                                                  \fi \fi 
l.339 
       <./chapter3_approach/images/tensorboard_vis.png>] [25])
(./chapter4_experiments/experiments.tex [26]
Chapter 4.

<chapter4_experiments/images/exp-schema.png, id=588, 530.98375pt x 280.04625pt>
File: chapter4_experiments/images/exp-schema.png Graphic file (type png)
<use chapter4_experiments/images/exp-schema.png>
Package pdftex.def Info: chapter4_experiments/images/exp-schema.png used on inp
ut line 18.
(pdftex.def)             Requested size: 390.0pt x 205.69263pt.

(./chapter4_experiments/experiments_supervised_general.tex [27

] [28pdfTeX warning (ext4): destination with the same identifier (name{figure.4
.1}) has been already used, duplicate ignored

\AtBegShi@Output ...ipout \box \AtBeginShipoutBox 
                                                  \fi \fi 
l.3 
     <./chapter4_experiments/images/exp-schema.png>] [29]
LaTeX Font Info:    Font shape `OMS/cmr/m/it' in size <12> not available
(Font)              Font shape `OMS/cmsy/m/n' tried instead on input line 51.
 [30] [31] [32pdfTeX warning (ext4): destination with the same identifier (name
{table.4.1}) has been already used, duplicate ignored

\AtBegShi@Output ...ipout \box \AtBeginShipoutBox 
                                                  \fi \fi 
l.124 
      ] [33pdfTeX warning (ext4): destination with the same identifier (name{ta
ble.4.2}) has been already used, duplicate ignored

\AtBegShi@Output ...ipout \box \AtBeginShipoutBox 
                                                  \fi \fi 
l.172 
      pdfTeX warning (ext4): destination with the same identifier (name{table.4
.3}) has been already used, duplicate ignored

\AtBegShi@Output ...ipout \box \AtBeginShipoutBox 
                                                  \fi \fi 
l.172 
      ]
Underfull \hbox (badness 10000) in paragraph at lines 194--194
[]\OT1/cmr/m/n/12 Message-
 []


Underfull \hbox (badness 10000) in paragraph at lines 195--195
[]\OT1/cmr/m/n/12 Cause-
 []


Overfull \hbox (6.41328pt too wide) in paragraph at lines 196--196
[]\OT1/cmr/m/n/12 Component-
 []


Underfull \hbox (badness 10000) in paragraph at lines 197--197
[]\OT1/cmr/m/n/12 Entity-
 []


Underfull \hbox (badness 2818) in paragraph at lines 197--197
[]\OT1/cmr/m/n/12 the source of, of wheat
 []


Underfull \hbox (badness 10000) in paragraph at lines 197--197
\OT1/cmr/m/n/12 liquor, some straw-berry
 []


Underfull \hbox (badness 10000) in paragraph at lines 198--198
[]\OT1/cmr/m/n/12 Member-
 []


Overfull \hbox (3.86331pt too wide) in paragraph at lines 199--199
[]\OT1/cmr/m/n/12 Instrument-
 []


Underfull \hbox (badness 10000) in paragraph at lines 200--200
[]\OT1/cmr/m/n/12 Product-
 []


Underfull \hbox (badness 10000) in paragraph at lines 201--201
[]\OT1/cmr/m/n/12 Entity-
 []


Overfull \hbox (2.39667pt too wide) in paragraph at lines 201--201
\OT1/cmr/m/n/12 Destination| 
 []


Underfull \hbox (badness 3312) in paragraph at lines 201--201
\OT1/cmr/m/n/12 into, were re-leased into,
 []


Underfull \hbox (badness 10000) in paragraph at lines 202--202
[]\OT1/cmr/m/n/12 Content-
 []


Underfull \hbox (badness 10000) in paragraph at lines 211--241

 []

[34] [35pdfTeX warning (ext4): destination with the same identifier (name{table
.4.4}) has been already used, duplicate ignored

\AtBegShi@Output ...ipout \box \AtBeginShipoutBox 
                                                  \fi \fi 
l.241 
      ] [36]
<chapter4_experiments/images/sem-val1.png, id=699, 578.16pt x 433.62pt>
File: chapter4_experiments/images/sem-val1.png Graphic file (type png)

<use chapter4_experiments/images/sem-val1.png>
Package pdftex.def Info: chapter4_experiments/images/sem-val1.png used on input
 line 273.
(pdftex.def)             Requested size: 187.19833pt x 140.39551pt.

<chapter4_experiments/images/sem-val2.png, id=700, 578.16pt x 433.62pt>
File: chapter4_experiments/images/sem-val2.png Graphic file (type png)

<use chapter4_experiments/images/sem-val2.png>
Package pdftex.def Info: chapter4_experiments/images/sem-val2.png used on input
 line 276.
(pdftex.def)             Requested size: 187.19833pt x 140.39551pt.

<chapter4_experiments/images/sem-val3.png, id=701, 578.16pt x 433.62pt>
File: chapter4_experiments/images/sem-val3.png Graphic file (type png)

<use chapter4_experiments/images/sem-val3.png>
Package pdftex.def Info: chapter4_experiments/images/sem-val3.png used on input
 line 279.
(pdftex.def)             Requested size: 187.19833pt x 140.39551pt.
 [37]
<chapter4_experiments/images/scores1.png, id=709, 578.16pt x 433.62pt>
File: chapter4_experiments/images/scores1.png Graphic file (type png)

<use chapter4_experiments/images/scores1.png>
Package pdftex.def Info: chapter4_experiments/images/scores1.png used on input 
line 298.
(pdftex.def)             Requested size: 183.30048pt x 137.47101pt.

<chapter4_experiments/images/scores2.png, id=710, 578.16pt x 433.62pt>
File: chapter4_experiments/images/scores2.png Graphic file (type png)

<use chapter4_experiments/images/scores2.png>
Package pdftex.def Info: chapter4_experiments/images/scores2.png used on input 
line 301.
(pdftex.def)             Requested size: 183.30048pt x 137.47101pt.

<chapter4_experiments/images/scores3.png, id=711, 578.16pt x 433.62pt>
File: chapter4_experiments/images/scores3.png Graphic file (type png)

<use chapter4_experiments/images/scores3.png>
Package pdftex.def Info: chapter4_experiments/images/scores3.png used on input 
line 304.
(pdftex.def)             Requested size: 183.30048pt x 137.47101pt.
 [38pdfTeX warning (ext4): destination with the same identifier (name{figure.4.
2}) has been already used, duplicate ignored

\AtBegShi@Output ...ipout \box \AtBeginShipoutBox 
                                                  \fi \fi 
l.308 
       <./chapter4_experiments/images/sem-val1.png> <./chapter4_experiments/ima
ges/sem-val2.png> <./chapter4_experiments/images/sem-val3.png>])
(./chapter4_experiments/experiments_supervised_medical.tex [39pdfTeX warning (e
xt4): destination with the same identifier (name{figure.4.3}) has been already 
used, duplicate ignored

\AtBegShi@Output ...ipout \box \AtBeginShipoutBox 
                                                  \fi \fi 
l.8 \begin{enumerate}
                      <./chapter4_experiments/images/scores1.png> <./chapter4_e
xperiments/images/scores2.png> <./chapter4_experiments/images/scores3.png>]
[40]
Overfull \hbox (5.2002pt too wide) in paragraph at lines 71--71
[]\OT1/cmtt/m/n/12 <entity id="DrugDDI.d27.s0.e0" origId="s0.p1" charOffset="26
-33"[] 
 []

[41] [42]
Overfull \hbox (1.05553pt too wide) in paragraph at lines 153--162
 [] 
 []


LaTeX Warning: `h' float specifier changed to `ht'.

[43pdfTeX warning (ext4): destination with the same identifier (name{table.4.5}
) has been already used, duplicate ignored

\AtBegShi@Output ...ipout \box \AtBeginShipoutBox 
                                                  \fi \fi 
l.197 
      ] [44pdfTeX warning (ext4): destination with the same identifier (name{ta
ble.4.6}) has been already used, duplicate ignored

\AtBegShi@Output ...ipout \box \AtBeginShipoutBox 
                                                  \fi \fi 
l.212 
      pdfTeX warning (ext4): destination with the same identifier (name{table.4
.7}) has been already used, duplicate ignored

\AtBegShi@Output ...ipout \box \AtBeginShipoutBox 
                                                  \fi \fi 
l.212 
      pdfTeX warning (ext4): destination with the same identifier (name{table.4
.8}) has been already used, duplicate ignored

\AtBegShi@Output ...ipout \box \AtBeginShipoutBox 
                                                  \fi \fi 
l.212 
      ] [45]
Underfull \hbox (badness 4181) in paragraph at lines 251--252
[]\OT1/cmr/m/n/12 "Our data sug-gest that TR6 in-hibits the in-ter-ac-tions of 
$\OML/cmm/m/it/12 <
 []


<chapter4_experiments/images/aimed-sem-val1.png, id=820, 1199.682pt x 433.62pt>
File: chapter4_experiments/images/aimed-sem-val1.png Graphic file (type png)
<use chapter4_experiments/images/aimed-sem-val1.png>
Package pdftex.def Info: chapter4_experiments/images/aimed-sem-val1.png used on
 input line 273.
(pdftex.def)             Requested size: 390.0pt x 140.96452pt.

<chapter4_experiments/images/aimed-sem-val2.png, id=821, 838.332pt x 433.62pt>
File: chapter4_experiments/images/aimed-sem-val2.png Graphic file (type png)

<use chapter4_experiments/images/aimed-sem-val2.png>
Package pdftex.def Info: chapter4_experiments/images/aimed-sem-val2.png used on
 input line 276.
(pdftex.def)             Requested size: 292.5pt x 151.29288pt.

Overfull \hbox (4.99991pt too wide) in paragraph at lines 273--277
 [][] 
 []

[46]
<chapter4_experiments/images/aimed-scores1.png, id=830, 578.16pt x 433.62pt>
File: chapter4_experiments/images/aimed-scores1.png Graphic file (type png)

<use chapter4_experiments/images/aimed-scores1.png>
Package pdftex.def Info: chapter4_experiments/images/aimed-scores1.png used on 
input line 292.
(pdftex.def)             Requested size: 183.30048pt x 137.47101pt.

<chapter4_experiments/images/aimed-scores2.png, id=831, 578.16pt x 433.62pt>
File: chapter4_experiments/images/aimed-scores2.png Graphic file (type png)

<use chapter4_experiments/images/aimed-scores2.png>
Package pdftex.def Info: chapter4_experiments/images/aimed-scores2.png used on 
input line 295.
(pdftex.def)             Requested size: 183.30048pt x 137.47101pt.
) [47pdfTeX warning (ext4): destination with the same identifier (name{figure.4
.4}) has been already used, duplicate ignored

\AtBegShi@Output ...ipout \box \AtBeginShipoutBox 
                                                  \fi \fi 
l.49 
      <./chapter4_experiments/images/aimed-sem-val1.png> <./chapter4_experiment
s/images/aimed-sem-val2.png>]
(./chapter4_experiments/experiments_distant_general.tex [48pdfTeX warning (ext4
): destination with the same identifier (name{figure.4.5}) has been already use
d, duplicate ignored

\AtBegShi@Output ...ipout \box \AtBeginShipoutBox 
                                                  \fi \fi 
l.22 
      <./chapter4_experiments/images/aimed-scores1.png> <./chapter4_experiments
/images/aimed-scores2.png>] [49] [50pdfTeX warning (ext4): destination with the
 same identifier (name{table.4.9}) has been already used, duplicate ignored

\AtBegShi@Output ...ipout \box \AtBeginShipoutBox 
                                                  \fi \fi 
l.95 
     ] [51]
<chapter4_experiments/images/dist-superv-knowledge.png, id=894, 450.68375pt x 2
39.89626pt>
File: chapter4_experiments/images/dist-superv-knowledge.png Graphic file (type 
png)
 <use chapter4_experiments/images/dist-superv-knowledge.png>
Package pdftex.def Info: chapter4_experiments/images/dist-superv-knowledge.png 
used on input line 136.
(pdftex.def)             Requested size: 250.93842pt x 133.57593pt.

<chapter4_experiments/images/uniq-correct.png, id=896, 1349.2809pt x 775.4571pt
>
File: chapter4_experiments/images/uniq-correct.png Graphic file (type png)
 <use chapter4_experiments/images/uniq-correct.png>
Package pdftex.def Info: chapter4_experiments/images/uniq-correct.png used on i
nput line 151.
(pdftex.def)             Requested size: 390.0pt x 224.14319pt.
 [52pdfTeX warning (ext4): destination with the same identifier (name{figure.4.
6}) has been already used, duplicate ignored

\AtBegShi@Output ...ipout \box \AtBeginShipoutBox 
                                                  \fi \fi 
l.155 
       <./chapter4_experiments/images/dist-superv-knowledge.png>]
<chapter4_experiments/images/length_errors.png, id=906, 807.9786pt x 433.62pt>
File: chapter4_experiments/images/length_errors.png Graphic file (type png)

<use chapter4_experiments/images/length_errors.png>
Package pdftex.def Info: chapter4_experiments/images/length_errors.png used on 
input line 170.
(pdftex.def)             Requested size: 183.30048pt x 98.3675pt.

<chapter4_experiments/images/betw_ent_errors.png, id=907, 813.0375pt x 433.62pt
>
File: chapter4_experiments/images/betw_ent_errors.png Graphic file (type png)
 <use chapter4_experiments/images/betw_ent_errors.png>
Package pdftex.def Info: chapter4_experiments/images/betw_ent_errors.png used o
n input line 173.
(pdftex.def)             Requested size: 183.30048pt x 97.75877pt.
 [53pdfTeX warning (ext4): destination with the same identifier (name{figure.4.
7}) has been already used, duplicate ignored

\AtBegShi@Output ...ipout \box \AtBeginShipoutBox 
                                                  \fi \fi 
l.185 n
       ewly trained model was able to obtain more general trigrams, such as: <.
/chapter4_experiments/images/uniq-correct.png>])
(./chapter4_experiments/experiments_distant_medical.tex [54pdfTeX warning (ext4
): destination with the same identifier (name{figure.4.8}) has been already use
d, duplicate ignored

\AtBegShi@Output ...ipout \box \AtBeginShipoutBox 
                                                  \fi \fi 
l.6 
     <./chapter4_experiments/images/length_errors.png> <./chapter4_experiments/
images/betw_ent_errors.png>] [55] [56pdfTeX warning (ext4): destination with th
e same identifier (name{table.4.10}) has been already used, duplicate ignored

\AtBegShi@Output ...ipout \box \AtBeginShipoutBox 
                                                  \fi \fi 
l.93 
     pdfTeX warning (ext4): destination with the same identifier (name{table.4.
11}) has been already used, duplicate ignored

\AtBegShi@Output ...ipout \box \AtBeginShipoutBox 
                                                  \fi \fi 
l.93 
     ] [57])) (./conclusion.tex [58]
Chapter 5.
[59

] [60]) [61] (./thesis.lof
Missing character: There is no ‚ in font cmr12!
Missing character: There is no Ä in font cmr12!
Missing character: There is no ú in font cmr12!
Missing character: There is no ‚ in font cmr12!
Missing character: There is no Ä in font cmr12!
Missing character: There is no ù in font cmr12!
Missing character: There is no ‚ in font cmr12!
Missing character: There is no Ä in font cmr12!
Missing character: There is no ú in font cmr12!
Missing character: There is no ‚ in font cmr12!
Missing character: There is no Ä in font cmr12!
Missing character: There is no ù in font cmr12!
Missing character: There is no ‚ in font cmr12!
Missing character: There is no Ä in font cmr12!
Missing character: There is no ú in font cmr12!
Missing character: There is no ‚ in font cmr12!
Missing character: There is no Ä in font cmr12!
Missing character: There is no ù in font cmr12!
Missing character: There is no ‚ in font cmr12!
Missing character: There is no Ä in font cmr12!
Missing character: There is no ú in font cmr12!
Missing character: There is no ‚ in font cmr12!
Missing character: There is no Ä in font cmr12!
Missing character: There is no ù in font cmr12!
)
\tf@lof=\write5
\openout5 = `thesis.lof'.

 [62


] (./thesis.lot)
\tf@lot=\write6
\openout6 = `thesis.lot'.

 [63


] (./thesis.bbl [64


]
[65] [66]
Underfull \hbox (badness 1117) in paragraph at lines 209--212
\OT1/cmr/m/n/12 Im-prov-ing em-bed-dings by notic-ing what's miss-ing.  \OT1/cm
r/m/it/12 arXiv preprint
 []

)
Package atveryend Info: Empty hook `BeforeClearDocument' on input line 80.
 [67]
Package atveryend Info: Empty hook `AfterLastShipout' on input line 80.
 (./thesis.aux)
Package atveryend Info: Executing hook `AtVeryEndDocument' on input line 80.
Package atveryend Info: Executing hook `AtEndAfterFileList' on input line 80.
Package rerunfilecheck Info: File `thesis.out' has not changed.
(rerunfilecheck)             Checksum: 6646EDB5E0E5F74EDD949D367BC7F2AC;2882.


LaTeX Font Warning: Some font shapes were not available, defaults substituted.

Package atveryend Info: Empty hook `AtVeryVeryEnd' on input line 80.
 ) 
Here is how much of TeX's memory you used:
 11583 strings out of 493029
 173396 string characters out of 6136234
 328322 words of memory out of 5000000
 14580 multiletter control sequences out of 15000+600000
 18453 words of font info for 71 fonts, out of 8000000 for 9000
 1141 hyphenation exceptions out of 8191
 46i,18n,36p,1950b,623s stack positions out of 5000i,500n,10000p,200000b,80000s
pdfTeX warning (dest): name{Hfootnote.15} has been referenced but does not ex
ist, replaced by a fixed one

pdfTeX warning (dest): name{Hfootnote.5} has been referenced but does not exist
, replaced by a fixed one

pdfTeX warning (dest): name{Hfootnote.4} has been referenced but does not exist
, replaced by a fixed one

</usr/share/texlive/texmf-dist/fonts/type1/public/amsfonts/cm/cmbx12.pfb></usr/
share/texlive/texmf-dist/fonts/type1/public/amsfonts/cm/cmbxti10.pfb></usr/shar
e/texlive/texmf-dist/fonts/type1/public/amsfonts/cm/cmcsc10.pfb></usr/share/tex
live/texmf-dist/fonts/type1/public/amsfonts/cm/cmex10.pfb></usr/share/texlive/t
exmf-dist/fonts/type1/public/amsfonts/cm/cmmi12.pfb></usr/share/texlive/texmf-d
ist/fonts/type1/public/amsfonts/cm/cmmi6.pfb></usr/share/texlive/texmf-dist/fon
ts/type1/public/amsfonts/cm/cmmi8.pfb></usr/share/texlive/texmf-dist/fonts/type
1/public/amsfonts/cm/cmr10.pfb></usr/share/texlive/texmf-dist/fonts/type1/publi
c/amsfonts/cm/cmr12.pfb></usr/share/texlive/texmf-dist/fonts/type1/public/amsfo
nts/cm/cmr7.pfb></usr/share/texlive/texmf-dist/fonts/type1/public/amsfonts/cm/c
mr8.pfb></usr/share/texlive/texmf-dist/fonts/type1/public/amsfonts/cm/cmsy10.pf
b></usr/share/texlive/texmf-dist/fonts/type1/public/amsfonts/cm/cmsy8.pfb></usr
/share/texlive/texmf-dist/fonts/type1/public/amsfonts/cm/cmti12.pfb></usr/share
/texlive/texmf-dist/fonts/type1/public/amsfonts/cm/cmtt10.pfb></usr/share/texli
ve/texmf-dist/fonts/type1/public/amsfonts/cm/cmtt12.pfb>
<<<<<<< Updated upstream
Output written on thesis.pdf (70 pages, 1283326 bytes).
=======
Output written on thesis.pdf (70 pages, 1283325 bytes).
>>>>>>> Stashed changes
PDF statistics:
 1163 PDF objects out of 1200 (max. 8388607)
 1020 compressed objects within 11 object streams
 263 named destinations out of 1000 (max. 500000)
 455 words of extra memory for PDF output out of 10000 (max. 10000000)

